<?xml version='1.0' encoding='UTF-8'?>
<testsuite hostname="Tetokeguii-Mac.local" name="com.tetokeguii.modules.todo.TodoTest" tests="1" errors="0" failures="0" skipped="0" time="0.007" timestamp="2025-01-19T19:01:07">
          <properties>
[...]
</properties>
          <testcase classname="com.tetokeguii.modules.todo.TodoTest" name="add one to list" time="0.007">
                      
                    </testcase>
          <system-out><![CDATA[]]></system-out>
          <system-err><![CDATA[]]></system-err>
        </testsuite>