<?xml version='1.0' encoding='UTF-8'?>
<testsuite hostname="Tetokeguii-Mac.local" name="controllers.LoginControllerTest" tests="2" errors="0" failures="1" skipped="0" time="0.896" timestamp="2024-04-16T09:54:27">
          <properties>
[...]
</properties>
          <testcase classname="controllers.LoginControllerTest" name="loginUser" time="0.677">
                      <failure message="java.lang.RuntimeException: No CSRF token was generated for this request! Is the CSRF filter installed?" type="sbt.ForkMain$ForkError">sbt.ForkMain$ForkError: java.lang.RuntimeException: No CSRF token was generated for this request! Is the CSRF filter installed?
	at scala.sys.package$.error(package.scala:27)
	at views.html.helper.CSRF$.$anonfun$getToken$1(CSRF.scala:17)
	at scala.Option.getOrElse(Option.scala:201)
	at views.html.helper.CSRF$.getToken(CSRF.scala:17)
	at views.html.helper.CSRF$.formField(CSRF.scala:35)
	at views.html.b4.formCSRF$.$anonfun$apply$1(formCSRF.template.scala:27)
	at views.html.b4.form$.apply(form.template.scala:27)
	at views.html.b4.formCSRF$.apply(formCSRF.template.scala:29)
	at views.html.b4.vertical.package$.formCSRF(package.scala:63)
	at views.html.login.index$.apply(index.template.scala:45)
	at views.html.login.index$.render(index.template.scala:57)
	at views.html.login.index.render(index.template.scala)
	at controllers.LoginController.submit(LoginController.java:44)
	at controllers.LoginControllerTest.loginUser(LoginControllerTest.java:87)
	at java.base/jdk.internal.reflect.DirectMethodHandleAccessor.invoke(DirectMethodHandleAccessor.java:103)
	at java.base/java.lang.reflect.Method.invoke(Method.java:580)
	at org.junit.runners.model.FrameworkMethod$1.runReflectiveCall(FrameworkMethod.java:59)
	at org.junit.internal.runners.model.ReflectiveCallable.run(ReflectiveCallable.java:12)
	at org.junit.runners.model.FrameworkMethod.invokeExplosively(FrameworkMethod.java:56)
	at org.junit.internal.runners.statements.InvokeMethod.evaluate(InvokeMethod.java:17)
	at org.junit.internal.runners.statements.RunBefores.evaluate(RunBefores.java:26)
	at org.junit.internal.runners.statements.RunAfters.evaluate(RunAfters.java:27)
	at org.junit.runners.ParentRunner$3.evaluate(ParentRunner.java:306)
	at org.junit.runners.BlockJUnit4ClassRunner$1.evaluate(BlockJUnit4ClassRunner.java:100)
	at org.junit.runners.ParentRunner.runLeaf(ParentRunner.java:366)
	at org.junit.runners.BlockJUnit4ClassRunner.runChild(BlockJUnit4ClassRunner.java:103)
	at org.junit.runners.BlockJUnit4ClassRunner.runChild(BlockJUnit4ClassRunner.java:63)
	at org.junit.runners.ParentRunner$4.run(ParentRunner.java:331)
	at org.junit.runners.ParentRunner$1.schedule(ParentRunner.java:79)
	at org.junit.runners.ParentRunner.runChildren(ParentRunner.java:329)
	at org.junit.runners.ParentRunner.access$100(ParentRunner.java:66)
	at org.junit.runners.ParentRunner$2.evaluate(ParentRunner.java:293)
	at org.junit.runners.ParentRunner$3.evaluate(ParentRunner.java:306)
	at org.junit.runners.ParentRunner.run(ParentRunner.java:413)
	at org.junit.runners.Suite.runChild(Suite.java:128)
	at org.junit.runners.Suite.runChild(Suite.java:27)
	at org.junit.runners.ParentRunner$4.run(ParentRunner.java:331)
	at org.junit.runners.ParentRunner$1.schedule(ParentRunner.java:79)
	at org.junit.runners.ParentRunner.runChildren(ParentRunner.java:329)
	at org.junit.runners.ParentRunner.access$100(ParentRunner.java:66)
	at org.junit.runners.ParentRunner$2.evaluate(ParentRunner.java:293)
	at org.junit.runners.ParentRunner$3.evaluate(ParentRunner.java:306)
	at org.junit.runners.ParentRunner.run(ParentRunner.java:413)
	at org.junit.runner.JUnitCore.run(JUnitCore.java:137)
	at org.junit.runner.JUnitCore.run(JUnitCore.java:115)
	at com.novocode.junit.JUnitTask.execute(JUnitTask.java:64)
	at sbt.ForkMain$Run.lambda$runTest$1(ForkMain.java:414)
	at java.base/java.util.concurrent.FutureTask.run(FutureTask.java:317)
	at java.base/java.util.concurrent.ThreadPoolExecutor.runWorker(ThreadPoolExecutor.java:1144)
	at java.base/java.util.concurrent.ThreadPoolExecutor$Worker.run(ThreadPoolExecutor.java:642)
	at java.base/java.lang.Thread.run(Thread.java:1583)
</failure>
                    </testcase><testcase classname="controllers.LoginControllerTest" name="testIndex" time="0.219">
                      
                    </testcase>
          <system-out><![CDATA[]]></system-out>
          <system-err><![CDATA[]]></system-err>
        </testsuite>